listener.obj : error LNK2019: unresolved external symbol "__declspec(dllimport) protected: class Leap::Interface & __cdecl Leap::Interface::operator=(class Leap::Interface const &)" (__imp_??4Interface@Leap@@IEAAAEAV01@AEBV01@@Z) referenced in function "public: class Leap::FingerList & __cdecl Leap::FingerList::operator=(class Leap::FingerList &&)" (??4FingerList@Leap@@QEAAAEAV01@$$QEAV01@@Z)
listener.obj : error LNK2019: unresolved external symbol "__declspec(dllimport) protected: virtual __cdecl Leap::Interface::~Interface(void)" (__imp_??1Interface@Leap@@MEAA@XZ) referenced in function "public: virtual __cdecl Leap::FingerList::~FingerList(void)" (??1FingerList@Leap@@UEAA@XZ)
main.obj : error LNK2001: unresolved external symbol "__declspec(dllimport) protected: virtual __cdecl Leap::Interface::~Interface(void)" (__imp_??1Interface@Leap@@MEAA@XZ)
listener.obj : error LNK2019: unresolved external symbol "__declspec(dllimport) public: struct Leap::Vector __cdecl Leap::Pointable::tipPosition(void)const " (__imp_?tipPosition@Pointable@Leap@@QEBA?AUVector@2@XZ) referenced in function "public: virtual void __cdecl SampleListener::onFrame(class Leap::Controller const &)" (?onFrame@SampleListener@@UEAAXAEBVController@Leap@@@Z)
listener.obj : error LNK2019: unresolved external symbol "__declspec(dllimport) public: class Leap::FingerList __cdecl Leap::Hand::fingers(void)const " (__imp_?fingers@Hand@Leap@@QEBA?AVFingerList@2@XZ) referenced in function "public: virtual void __cdecl SampleListener::onFrame(class Leap::Controller const &)" (?onFrame@SampleListener@@UEAAXAEBVController@Leap@@@Z)
listener.obj : error LNK2019: unresolved external symbol "__declspec(dllimport) public: struct Leap::Vector __cdecl Leap::Hand::palmPosition(void)const " (__imp_?palmPosition@Hand@Leap@@QEBA?AUVector@2@XZ) referenced in function "public: virtual void __cdecl SampleListener::onFrame(class Leap::Controller const &)" (?onFrame@SampleListener@@UEAAXAEBVController@Leap@@@Z)
listener.obj : error LNK2019: unresolved external symbol "__declspec(dllimport) public: class Leap::Finger __cdecl Leap::FingerList::operator[](int)const " (__imp_??AFingerList@Leap@@QEBA?AVFinger@1@H@Z) referenced in function "public: class Leap::Finger const __cdecl Leap::ConstListIterator<class Leap::FingerList,class Leap::Finger>::operator*(void)const " (??D?$ConstListIterator@VFingerList@Leap@@VFinger@2@@Leap@@QEBA?BVFinger@1@XZ)
listener.obj : error LNK2019: unresolved external symbol "__declspec(dllimport) public: class Leap::ConstListIterator<class Leap::FingerList,class Leap::Finger> __cdecl Leap::FingerList::begin(void)const " (__imp_?begin@FingerList@Leap@@QEBA?AV?$ConstListIterator@VFingerList@Leap@@VFinger@2@@2@XZ) referenced in function "public: virtual void __cdecl SampleListener::onFrame(class Leap::Controller const &)" (?onFrame@SampleListener@@UEAAXAEBVController@Leap@@@Z)
listener.obj : error LNK2019: unresolved external symbol "__declspec(dllimport) public: class Leap::Hand __cdecl Leap::HandList::rightmost(void)const " (__imp_?rightmost@HandList@Leap@@QEBA?AVHand@2@XZ) referenced in function "public: virtual void __cdecl SampleListener::onFrame(class Leap::Controller const &)" (?onFrame@SampleListener@@UEAAXAEBVController@Leap@@@Z)
listener.obj : error LNK2019: unresolved external symbol "__declspec(dllimport) public: class Leap::ConstListIterator<class Leap::HandList,class Leap::Hand> __cdecl Leap::HandList::begin(void)const " (__imp_?begin@HandList@Leap@@QEBA?AV?$ConstListIterator@VHandList@Leap@@VHand@2@@2@XZ) referenced in function "public: virtual void __cdecl SampleListener::onFrame(class Leap::Controller const &)" (?onFrame@SampleListener@@UEAAXAEBVController@Leap@@@Z)
listener.obj : error LNK2019: unresolved external symbol "__declspec(dllimport) public: class Leap::ConstListIterator<class Leap::HandList,class Leap::Hand> __cdecl Leap::HandList::end(void)const " (__imp_?end@HandList@Leap@@QEBA?AV?$ConstListIterator@VHandList@Leap@@VHand@2@@2@XZ) referenced in function "public: virtual void __cdecl SampleListener::onFrame(class Leap::Controller const &)" (?onFrame@SampleListener@@UEAAXAEBVController@Leap@@@Z)
listener.obj : error LNK2019: unresolved external symbol "__declspec(dllimport) public: __int64 __cdecl Leap::Frame::timestamp(void)const " (__imp_?timestamp@Frame@Leap@@QEBA_JXZ) referenced in function "public: virtual void __cdecl SampleListener::onFrame(class Leap::Controller const &)" (?onFrame@SampleListener@@UEAAXAEBVController@Leap@@@Z)
listener.obj : error LNK2019: unresolved external symbol "__declspec(dllimport) public: class Leap::HandList __cdecl Leap::Frame::hands(void)const " (__imp_?hands@Frame@Leap@@QEBA?AVHandList@2@XZ) referenced in function "public: virtual void __cdecl SampleListener::onFrame(class Leap::Controller const &)" (?onFrame@SampleListener@@UEAAXAEBVController@Leap@@@Z)
listener.obj : error LNK2019: unresolved external symbol "__declspec(dllimport) public: class Leap::Frame __cdecl Leap::Controller::frame(int)const " (__imp_?frame@Controller@Leap@@QEBA?AVFrame@2@H@Z) referenced in function "public: virtual void __cdecl SampleListener::onFrame(class Leap::Controller const &)" (?onFrame@SampleListener@@UEAAXAEBVController@Leap@@@Z)
main.obj : error LNK2019: unresolved external symbol "__declspec(dllimport) public: __cdecl Leap::FingerList::FingerList(void)" (__imp_??0FingerList@Leap@@QEAA@XZ) referenced in function "public: __cdecl SampleListener::SampleListener(int *)" (??0SampleListener@@QEAA@PEAH@Z)
main.obj : error LNK2019: unresolved external symbol "__declspec(dllimport) public: __cdecl Leap::HandList::HandList(void)" (__imp_??0HandList@Leap@@QEAA@XZ) referenced in function "public: __cdecl SampleListener::SampleListener(int *)" (??0SampleListener@@QEAA@PEAH@Z)
main.obj : error LNK2019: unresolved external symbol "__declspec(dllimport) public: virtual __cdecl Leap::Controller::~Controller(void)" (__imp_??1Controller@Leap@@UEAA@XZ) referenced in function main
main.obj : error LNK2019: unresolved external symbol "__declspec(dllimport) public: __cdecl Leap::Controller::Controller(class Leap::Listener &)" (__imp_??0Controller@Leap@@QEAA@AEAVListener@1@@Z) referenced in function main
main.obj : error LNK2019: unresolved external symbol "__declspec(dllimport) public: bool __cdecl Leap::Controller::removeListener(class Leap::Listener &)" (__imp_?removeListener@Controller@Leap@@QEAA_NAEAVListener@2@@Z) referenced in function main
main.obj : error LNK2019: unresolved external symbol "__declspec(dllimport) public: __cdecl Leap::Listener::Listener(void)" (__imp_??0Listener@Leap@@QEAA@XZ) referenced in function "public: __cdecl SampleListener::SampleListener(int *)" (??0SampleListener@@QEAA@PEAH@Z)
main.obj : error LNK2019: unresolved external symbol "__declspec(dllimport) public: virtual __cdecl Leap::Listener::~Listener(void)" (__imp_??1Listener@Leap@@UEAA@XZ) referenced in function "int `public: __cdecl SampleListener::SampleListener(int *)'::`1'::dtor$0" (?dtor$0@?0???0SampleListener@@QEAA@PEAH@Z@4HA)
main.obj : error LNK2001: unresolved external symbol "public: virtual void __cdecl Leap::Listener::onDeviceChange(class Leap::Controller const &)" (?onDeviceChange@Listener@Leap@@UEAAXAEBVController@2@@Z)
main.obj : error LNK2001: unresolved external symbol "public: virtual void __cdecl Leap::Listener::onDisconnect(class Leap::Controller const &)" (?onDisconnect@Listener@Leap@@UEAAXAEBVController@2@@Z)
main.obj : error LNK2001: unresolved external symbol "public: virtual void __cdecl Leap::Listener::onExit(class Leap::Controller const &)" (?onExit@Listener@Leap@@UEAAXAEBVController@2@@Z)
main.obj : error LNK2001: unresolved external symbol "public: virtual void __cdecl Leap::Listener::onFocusGained(class Leap::Controller const &)" (?onFocusGained@Listener@Leap@@UEAAXAEBVController@2@@Z)
main.obj : error LNK2001: unresolved external symbol "public: virtual void __cdecl Leap::Listener::onFocusLost(class Leap::Controller const &)" (?onFocusLost@Listener@Leap@@UEAAXAEBVController@2@@Z)
main.obj : error LNK2001: unresolved external symbol "public: virtual void __cdecl Leap::Listener::onImages(class Leap::Controller const &)" (?onImages@Listener@Leap@@UEAAXAEBVController@2@@Z)
main.obj : error LNK2001: unresolved external symbol "public: virtual void __cdecl Leap::Listener::onInit(class Leap::Controller const &)" (?onInit@Listener@Leap@@UEAAXAEBVController@2@@Z)
main.obj : error LNK2001: unresolved external symbol "public: virtual void __cdecl Leap::Listener::onServiceConnect(class Leap::Controller const &)" (?onServiceConnect@Listener@Leap@@UEAAXAEBVController@2@@Z)
main.obj : error LNK2001: unresolved external symbol "public: virtual void __cdecl Leap::Listener::onServiceDisconnect(class Leap::Controller const &)" (?onServiceDisconnect@Listener@Leap@@UEAAXAEBVController@2@@Z)
C:\Users\UIDiscovery\Downloads\Leap_Motion_SDK_Windows_2.3.1\LeapDeveloperKit_2.3.1+31549_win\LeapSDK\lib\x86\Leap.lib : warning LNK4272: library machine type 'x86' conflicts with target machine type 'x64'
C:\Users\UIDiscovery\source\repos\Project1\x64\Debug\Project1.exe : fatal error LNK1120: 29 unresolved externals
